


ARM Macro Assembler    Page 1 


    1 00000000         ;=======================================================
                       ==============
    2 00000000         ; File Name : 2440slib.s
    3 00000000         ; Function  : S3C2440  (Assembly)
    4 00000000         ; Date      : March 09, 2002
    5 00000000         ; Revision : Programming start (February 26,2002) -> SOP
                       
    6 00000000         ; Revision : 03.11.2003 ver 0.0 Attatched for 2440
    7 00000000         ;=======================================================
                       ==============
    8 00000000         
    9 00000000         ;Interrupt, FIQ/IRQ disable
   10 00000000 000000C0 
                       NOINT   EQU              0xc0        ; 1100 0000
   11 00000000         
   12 00000000         ;Check if tasm.exe(armasm -16 ...@ADS 1.0) is used.
   13 00000000                 GBLL             THUMBCODE
   14 00000000                 [                {CONFIG} = 16
   18 00000000 FALSE    
                       THUMBCODE
                               SETL             {FALSE}
   19 00000000                 ]
   20 00000000         
   21 00000000                 MACRO
   22 00000000                 MOV_PC_LR
   23 00000000                 [                THUMBCODE
   24 00000000                 bx               lr
   25 00000000                 |
   26 00000000         ;mov pc,lr
   27 00000000                 bx               lr
   28 00000000                 ]
   29 00000000                 MEND
   30 00000000         
   31 00000000                 AREA             |C$$code|, CODE, READONLY
   32 00000000                 EXPORT           EnterCritical
   33 00000000         EnterCritical
   34 00000000 E10F1000        mrs              r1, cpsr
   35 00000004 E5801000        str              r1, [r0]
   36 00000008 E38110C0        orr              r1, r1, #NOINT
   37 0000000C E12FF001        msr              cpsr_cxsf, r1
   38 00000010                 MOV_PC_LR
   23 00000010                 [                THUMBCODE
   26 00000010         ;mov pc,lr
   27 00000010 E12FFF1E        bx               lr
   28 00000014                 ]
   39 00000014         ;restore cpsr, r0 = address to restore cpsr 
   40 00000014                 EXPORT           ExitCritical
   41 00000014         ExitCritical
   42 00000014 E5901000        ldr              r1, [r0]
   43 00000018 E12FF001        msr              cpsr_cxsf, r1
   44 0000001C                 MOV_PC_LR
   23 0000001C                 [                THUMBCODE
   26 0000001C         ;mov pc,lr
   27 0000001C E12FFF1E        bx               lr
   28 00000020                 ]
   45 00000020         ;==============
   46 00000020         ; CPSR I,F bit
   47 00000020         ;==============
   48 00000020         ;int SET_IF(void);



ARM Macro Assembler    Page 2 


   49 00000020         ;The return value is current CPSR.
   50 00000020                 EXPORT           SET_IF
   51 00000020         SET_IF
   52 00000020         ;This function works only if the processor is in previli
                       ged mode.
   53 00000020 E10F0000        mrs              r0,cpsr
   54 00000024 E1A01000        mov              r1,r0
   55 00000028 E38110C0        orr              r1,r1,#NOINT
   56 0000002C E12FF001        msr              cpsr_cxsf,r1
   57 00000030                 MOV_PC_LR
   23 00000030                 [                THUMBCODE
   26 00000030         ;mov pc,lr
   27 00000030 E12FFF1E        bx               lr
   28 00000034                 ]
   58 00000034         
   59 00000034         ;void WR_IF(int cpsrValue);
   60 00000034                 EXPORT           WR_IF
   61 00000034         WR_IF
   62 00000034         ;This function works only if the processor is in previli
                       ged mode.
   63 00000034 E12FF000        msr              cpsr_cxsf,r0
   64 00000038                 MOV_PC_LR
   23 00000038                 [                THUMBCODE
   26 00000038         ;mov pc,lr
   27 00000038 E12FFF1E        bx               lr
   28 0000003C                 ]
   65 0000003C         
   66 0000003C         
   67 0000003C         ;void CLR_IF(void);
   68 0000003C                 EXPORT           CLR_IF
   69 0000003C         CLR_IF
   70 0000003C         ;This function works only if the processor is in previli
                       ged mode.
   71 0000003C E10F0000        mrs              r0,cpsr
   72 00000040 E3C000C0        bic              r0,r0,#NOINT
   73 00000044 E12FF000        msr              cpsr_cxsf,r0
   74 00000048                 MOV_PC_LR
   23 00000048                 [                THUMBCODE
   26 00000048         ;mov pc,lr
   27 00000048 E12FFF1E        bx               lr
   28 0000004C                 ]
   75 0000004C         
   76 0000004C                 EXPORT           outportw
   77 0000004C E1C100B0 
                       outportw
                               strh             r0, [r1]
   78 00000050                 MOV_PC_LR
   23 00000050                 [                THUMBCODE
   26 00000050         ;mov pc,lr
   27 00000050 E12FFF1E        bx               lr
   28 00000054                 ]
   79 00000054         
   80 00000054                 EXPORT           inportw
   81 00000054 E1D000B0 
                       inportw ldrh             r0, [r0]
   82 00000058                 MOV_PC_LR
   23 00000058                 [                THUMBCODE
   26 00000058         ;mov pc,lr
   27 00000058 E12FFF1E        bx               lr



ARM Macro Assembler    Page 3 


   28 0000005C                 ]
   83 0000005C         
   84 0000005C         
   85 0000005C         ;====================================
   86 0000005C         ; MMU Cache/TLB/etc on/off functions
   87 0000005C         ;====================================
   88 0000005C 00001000 
                       R1_I    EQU              (1<<12)
   89 0000005C 00000004 
                       R1_C    EQU              (1<<2)
   90 0000005C 00000002 
                       R1_A    EQU              (1<<1)
   91 0000005C 00000001 
                       R1_M    EQU              (1)
   92 0000005C 80000000 
                       R1_iA   EQU              (1<<31)
   93 0000005C 40000000 
                       R1_nF   EQU              (1<<30)
   94 0000005C         
   95 0000005C         ;void MMU_EnableICache(void)
   96 0000005C                 EXPORT           MMU_EnableICache
   97 0000005C         MMU_EnableICache
   98 0000005C EE110F10        mrc              p15,0,r0,c1,c0,0
   99 00000060 E3800A01        orr              r0,r0,#R1_I
  100 00000064 EE010F10        mcr              p15,0,r0,c1,c0,0
  101 00000068                 MOV_PC_LR
   23 00000068                 [                THUMBCODE
   26 00000068         ;mov pc,lr
   27 00000068 E12FFF1E        bx               lr
   28 0000006C                 ]
  102 0000006C         
  103 0000006C         ;void MMU_DisableICache(void)
  104 0000006C                 EXPORT           MMU_DisableICache
  105 0000006C         MMU_DisableICache
  106 0000006C EE110F10        mrc              p15,0,r0,c1,c0,0
  107 00000070 E3C00A01        bic              r0,r0,#R1_I
  108 00000074 EE010F10        mcr              p15,0,r0,c1,c0,0
  109 00000078                 MOV_PC_LR
   23 00000078                 [                THUMBCODE
   26 00000078         ;mov pc,lr
   27 00000078 E12FFF1E        bx               lr
   28 0000007C                 ]
  110 0000007C         
  111 0000007C         ;void MMU_EnableDCache(void)
  112 0000007C                 EXPORT           MMU_EnableDCache
  113 0000007C         MMU_EnableDCache
  114 0000007C EE110F10        mrc              p15,0,r0,c1,c0,0
  115 00000080 E3800004        orr              r0,r0,#R1_C
  116 00000084 EE010F10        mcr              p15,0,r0,c1,c0,0
  117 00000088                 MOV_PC_LR
   23 00000088                 [                THUMBCODE
   26 00000088         ;mov pc,lr
   27 00000088 E12FFF1E        bx               lr
   28 0000008C                 ]
  118 0000008C         
  119 0000008C         ;void MMU_DisableDCache(void)
  120 0000008C                 EXPORT           MMU_DisableDCache
  121 0000008C         MMU_DisableDCache
  122 0000008C EE110F10        mrc              p15,0,r0,c1,c0,0



ARM Macro Assembler    Page 4 


  123 00000090 E3C00004        bic              r0,r0,#R1_C
  124 00000094 EE010F10        mcr              p15,0,r0,c1,c0,0
  125 00000098                 MOV_PC_LR
   23 00000098                 [                THUMBCODE
   26 00000098         ;mov pc,lr
   27 00000098 E12FFF1E        bx               lr
   28 0000009C                 ]
  126 0000009C         
  127 0000009C         ;void MMU_EnableAlignFault(void)
  128 0000009C                 EXPORT           MMU_EnableAlignFault
  129 0000009C         MMU_EnableAlignFault
  130 0000009C EE110F10        mrc              p15,0,r0,c1,c0,0
  131 000000A0 E3800002        orr              r0,r0,#R1_A
  132 000000A4 EE010F10        mcr              p15,0,r0,c1,c0,0
  133 000000A8                 MOV_PC_LR
   23 000000A8                 [                THUMBCODE
   26 000000A8         ;mov pc,lr
   27 000000A8 E12FFF1E        bx               lr
   28 000000AC                 ]
  134 000000AC         
  135 000000AC         ;void MMU_DisableAlignFault(void)
  136 000000AC                 EXPORT           MMU_DisableAlignFault
  137 000000AC         MMU_DisableAlignFault
  138 000000AC EE110F10        mrc              p15,0,r0,c1,c0,0
  139 000000B0 E3C00002        bic              r0,r0,#R1_A
  140 000000B4 EE010F10        mcr              p15,0,r0,c1,c0,0
  141 000000B8                 MOV_PC_LR
   23 000000B8                 [                THUMBCODE
   26 000000B8         ;mov pc,lr
   27 000000B8 E12FFF1E        bx               lr
   28 000000BC                 ]
  142 000000BC         
  143 000000BC         ;void MMU_EnableMMU(void)
  144 000000BC                 EXPORT           MMU_EnableMMU
  145 000000BC         MMU_EnableMMU
  146 000000BC EE110F10        mrc              p15,0,r0,c1,c0,0
  147 000000C0 E3800001        orr              r0,r0,#R1_M
  148 000000C4 EE010F10        mcr              p15,0,r0,c1,c0,0
  149 000000C8                 MOV_PC_LR
   23 000000C8                 [                THUMBCODE
   26 000000C8         ;mov pc,lr
   27 000000C8 E12FFF1E        bx               lr
   28 000000CC                 ]
  150 000000CC         
  151 000000CC         ;void MMU_DisableMMU(void)
  152 000000CC                 EXPORT           MMU_DisableMMU
  153 000000CC         MMU_DisableMMU
  154 000000CC EE110F10        mrc              p15,0,r0,c1,c0,0
  155 000000D0 E3C00001        bic              r0,r0,#R1_M
  156 000000D4 EE010F10        mcr              p15,0,r0,c1,c0,0
  157 000000D8                 MOV_PC_LR
   23 000000D8                 [                THUMBCODE
   26 000000D8         ;mov pc,lr
   27 000000D8 E12FFF1E        bx               lr
   28 000000DC                 ]
  158 000000DC         
  159 000000DC         ;void MMU_SetFastBusMode(void)
  160 000000DC         ; FCLK:HCLK= 1:1
  161 000000DC                 EXPORT           MMU_SetFastBusMode



ARM Macro Assembler    Page 5 


  162 000000DC         MMU_SetFastBusMode
  163 000000DC EE110F10        mrc              p15,0,r0,c1,c0,0
  164 000000E0 E3C00103        bic              r0,r0,#R1_iA:OR:R1_nF
  165 000000E4 EE010F10        mcr              p15,0,r0,c1,c0,0
  166 000000E8                 MOV_PC_LR
   23 000000E8                 [                THUMBCODE
   26 000000E8         ;mov pc,lr
   27 000000E8 E12FFF1E        bx               lr
   28 000000EC                 ]
  167 000000EC         
  168 000000EC         ;void MMU_SetAsyncBusMode(void)
  169 000000EC         ; FCLK:HCLK= 1:2
  170 000000EC                 EXPORT           MMU_SetAsyncBusMode
  171 000000EC         MMU_SetAsyncBusMode
  172 000000EC EE110F10        mrc              p15,0,r0,c1,c0,0
  173 000000F0 E3800103        orr              r0,r0,#R1_nF:OR:R1_iA
  174 000000F4 EE010F10        mcr              p15,0,r0,c1,c0,0
  175 000000F8                 MOV_PC_LR
   23 000000F8                 [                THUMBCODE
   26 000000F8         ;mov pc,lr
   27 000000F8 E12FFF1E        bx               lr
   28 000000FC                 ]
  176 000000FC         
  177 000000FC         ;=========================
  178 000000FC         ; Set TTBase
  179 000000FC         ;=========================
  180 000000FC         ;void MMU_SetTTBase(int base)
  181 000000FC                 EXPORT           MMU_SetTTBase
  182 000000FC         MMU_SetTTBase
  183 000000FC         ;ro=TTBase
  184 000000FC EE020F10        mcr              p15,0,r0,c2,c0,0
  185 00000100                 MOV_PC_LR
   23 00000100                 [                THUMBCODE
   26 00000100         ;mov pc,lr
   27 00000100 E12FFF1E        bx               lr
   28 00000104                 ]
  186 00000104         
  187 00000104         ;=========================
  188 00000104         ; Set Domain
  189 00000104         ;=========================
  190 00000104         ;void MMU_SetDomain(int domain)
  191 00000104                 EXPORT           MMU_SetDomain
  192 00000104         MMU_SetDomain
  193 00000104         ;ro=domain
  194 00000104 EE030F10        mcr              p15,0,r0,c3,c0,0
  195 00000108                 MOV_PC_LR
   23 00000108                 [                THUMBCODE
   26 00000108         ;mov pc,lr
   27 00000108 E12FFF1E        bx               lr
   28 0000010C                 ]
  196 0000010C         
  197 0000010C         ;=========================
  198 0000010C         ; ICache/DCache functions
  199 0000010C         ;=========================
  200 0000010C         ;void MMU_InvalidateIDCache(void)
  201 0000010C                 EXPORT           MMU_InvalidateIDCache
  202 0000010C         MMU_InvalidateIDCache
  203 0000010C EE070F17        mcr              p15,0,r0,c7,c7,0
  204 00000110                 MOV_PC_LR



ARM Macro Assembler    Page 6 


   23 00000110                 [                THUMBCODE
   26 00000110         ;mov pc,lr
   27 00000110 E12FFF1E        bx               lr
   28 00000114                 ]
  205 00000114         
  206 00000114         ;void MMU_InvalidateICache(void)
  207 00000114                 EXPORT           MMU_InvalidateICache
  208 00000114         MMU_InvalidateICache
  209 00000114 EE070F15        mcr              p15,0,r0,c7,c5,0
  210 00000118                 MOV_PC_LR
   23 00000118                 [                THUMBCODE
   26 00000118         ;mov pc,lr
   27 00000118 E12FFF1E        bx               lr
   28 0000011C                 ]
  211 0000011C         
  212 0000011C         ;void MMU_InvalidateICacheMVA(U32 mva)
  213 0000011C                 EXPORT           MMU_InvalidateICacheMVA
  214 0000011C         MMU_InvalidateICacheMVA
  215 0000011C         ;r0=mva
  216 0000011C EE070F35        mcr              p15,0,r0,c7,c5,1
  217 00000120                 MOV_PC_LR
   23 00000120                 [                THUMBCODE
   26 00000120         ;mov pc,lr
   27 00000120 E12FFF1E        bx               lr
   28 00000124                 ]
  218 00000124         
  219 00000124         ;void MMU_PrefetchICacheMVA(U32 mva)
  220 00000124                 EXPORT           MMU_PrefetchICacheMVA
  221 00000124         MMU_PrefetchICacheMVA
  222 00000124         ;r0=mva
  223 00000124 EE070F3D        mcr              p15,0,r0,c7,c13,1
  224 00000128                 MOV_PC_LR
   23 00000128                 [                THUMBCODE
   26 00000128         ;mov pc,lr
   27 00000128 E12FFF1E        bx               lr
   28 0000012C                 ]
  225 0000012C         
  226 0000012C         ;void MMU_InvalidateDCache(void)
  227 0000012C                 EXPORT           MMU_InvalidateDCache
  228 0000012C         MMU_InvalidateDCache
  229 0000012C EE070F16        mcr              p15,0,r0,c7,c6,0
  230 00000130                 MOV_PC_LR
   23 00000130                 [                THUMBCODE
   26 00000130         ;mov pc,lr
   27 00000130 E12FFF1E        bx               lr
   28 00000134                 ]
  231 00000134         
  232 00000134         ;void MMU_InvalidateDCacheMVA(U32 mva)
  233 00000134                 EXPORT           MMU_InvalidateDCacheMVA
  234 00000134         MMU_InvalidateDCacheMVA
  235 00000134         ;r0=mva
  236 00000134 EE070F36        mcr              p15,0,r0,c7,c6,1
  237 00000138                 MOV_PC_LR
   23 00000138                 [                THUMBCODE
   26 00000138         ;mov pc,lr
   27 00000138 E12FFF1E        bx               lr
   28 0000013C                 ]
  238 0000013C         
  239 0000013C         ;void MMU_CleanDCacheMVA(U32 mva)



ARM Macro Assembler    Page 7 


  240 0000013C                 EXPORT           MMU_CleanDCacheMVA
  241 0000013C         MMU_CleanDCacheMVA
  242 0000013C         ;r0=mva
  243 0000013C EE070F3A        mcr              p15,0,r0,c7,c10,1
  244 00000140                 MOV_PC_LR
   23 00000140                 [                THUMBCODE
   26 00000140         ;mov pc,lr
   27 00000140 E12FFF1E        bx               lr
   28 00000144                 ]
  245 00000144         
  246 00000144         ;void MMU_CleanInvalidateDCacheMVA(U32 mva)
  247 00000144                 EXPORT           MMU_CleanInvalidateDCacheMVA
  248 00000144         MMU_CleanInvalidateDCacheMVA
  249 00000144         ;r0=mva
  250 00000144 EE070F3E        mcr              p15,0,r0,c7,c14,1
  251 00000148                 MOV_PC_LR
   23 00000148                 [                THUMBCODE
   26 00000148         ;mov pc,lr
   27 00000148 E12FFF1E        bx               lr
   28 0000014C                 ]
  252 0000014C         
  253 0000014C         ;void MMU_CleanDCacheIndex(U32 index)
  254 0000014C                 EXPORT           MMU_CleanDCacheIndex
  255 0000014C         MMU_CleanDCacheIndex
  256 0000014C         ;r0=index
  257 0000014C EE070F5A        mcr              p15,0,r0,c7,c10,2
  258 00000150                 MOV_PC_LR
   23 00000150                 [                THUMBCODE
   26 00000150         ;mov pc,lr
   27 00000150 E12FFF1E        bx               lr
   28 00000154                 ]
  259 00000154         
  260 00000154         ;void MMU_CleanInvalidateDCacheIndex(U32 index)
  261 00000154                 EXPORT           MMU_CleanInvalidateDCacheIndex
  262 00000154         MMU_CleanInvalidateDCacheIndex
  263 00000154         ;r0=index
  264 00000154 EE070F5E        mcr              p15,0,r0,c7,c14,2
  265 00000158                 MOV_PC_LR
   23 00000158                 [                THUMBCODE
   26 00000158         ;mov pc,lr
   27 00000158 E12FFF1E        bx               lr
   28 0000015C                 ]
  266 0000015C         
  267 0000015C         ;void MMU_WaitForInterrupt(void)
  268 0000015C                 EXPORT           MMU_WaitForInterrupt
  269 0000015C         MMU_WaitForInterrupt
  270 0000015C EE070F90        mcr              p15,0,r0,c7,c0,4
  271 00000160                 MOV_PC_LR
   23 00000160                 [                THUMBCODE
   26 00000160         ;mov pc,lr
   27 00000160 E12FFF1E        bx               lr
   28 00000164                 ]
  272 00000164         
  273 00000164         ;===============
  274 00000164         ; TLB functions
  275 00000164         ;===============
  276 00000164         ;voic MMU_InvalidateTLB(void)
  277 00000164                 EXPORT           MMU_InvalidateTLB
  278 00000164         MMU_InvalidateTLB



ARM Macro Assembler    Page 8 


  279 00000164 EE080F17        mcr              p15,0,r0,c8,c7,0
  280 00000168                 MOV_PC_LR
   23 00000168                 [                THUMBCODE
   26 00000168         ;mov pc,lr
   27 00000168 E12FFF1E        bx               lr
   28 0000016C                 ]
  281 0000016C         
  282 0000016C         ;void MMU_InvalidateITLB(void)
  283 0000016C                 EXPORT           MMU_InvalidateITLB
  284 0000016C         MMU_InvalidateITLB
  285 0000016C EE080F15        mcr              p15,0,r0,c8,c5,0
  286 00000170                 MOV_PC_LR
   23 00000170                 [                THUMBCODE
   26 00000170         ;mov pc,lr
   27 00000170 E12FFF1E        bx               lr
   28 00000174                 ]
  287 00000174         
  288 00000174         ;void MMU_InvalidateITLBMVA(U32 mva)
  289 00000174                 EXPORT           MMU_InvalidateITLBMVA
  290 00000174         MMU_InvalidateITLBMVA
  291 00000174         ;ro=mva
  292 00000174 EE080F35        mcr              p15,0,r0,c8,c5,1
  293 00000178                 MOV_PC_LR
   23 00000178                 [                THUMBCODE
   26 00000178         ;mov pc,lr
   27 00000178 E12FFF1E        bx               lr
   28 0000017C                 ]
  294 0000017C         
  295 0000017C         ;void MMU_InvalidateDTLB(void)
  296 0000017C                 EXPORT           MMU_InvalidateDTLB
  297 0000017C         MMU_InvalidateDTLB
  298 0000017C EE080F16        mcr              p15,0,r0,c8,c6,0
  299 00000180                 MOV_PC_LR
   23 00000180                 [                THUMBCODE
   26 00000180         ;mov pc,lr
   27 00000180 E12FFF1E        bx               lr
   28 00000184                 ]
  300 00000184         
  301 00000184         ;void MMU_InvalidateDTLBMVA(U32 mva)
  302 00000184                 EXPORT           MMU_InvalidateDTLBMVA
  303 00000184         MMU_InvalidateDTLBMVA
  304 00000184         ;r0=mva
  305 00000184 EE080F36        mcr              p15,0,r0,c8,c6,1
  306 00000188                 MOV_PC_LR
   23 00000188                 [                THUMBCODE
   26 00000188         ;mov pc,lr
   27 00000188 E12FFF1E        bx               lr
   28 0000018C                 ]
  307 0000018C         
  308 0000018C         ;=================
  309 0000018C         ; Cache lock down
  310 0000018C         ;=================
  311 0000018C         ;void MMU_SetDCacheLockdownBase(U32 base)
  312 0000018C                 EXPORT           MMU_SetDCacheLockdownBase
  313 0000018C         MMU_SetDCacheLockdownBase
  314 0000018C         ;r0= victim & lockdown base
  315 0000018C EE090F10        mcr              p15,0,r0,c9,c0,0
  316 00000190                 MOV_PC_LR
   23 00000190                 [                THUMBCODE



ARM Macro Assembler    Page 9 


   26 00000190         ;mov pc,lr
   27 00000190 E12FFF1E        bx               lr
   28 00000194                 ]
  317 00000194         
  318 00000194         ;void MMU_SetICacheLockdownBase(U32 base)
  319 00000194                 EXPORT           MMU_SetICacheLockdownBase
  320 00000194         MMU_SetICacheLockdownBase
  321 00000194         ;r0= victim & lockdown base
  322 00000194 EE090F30        mcr              p15,0,r0,c9,c0,1
  323 00000198                 MOV_PC_LR
   23 00000198                 [                THUMBCODE
   26 00000198         ;mov pc,lr
   27 00000198 E12FFF1E        bx               lr
   28 0000019C                 ]
  324 0000019C         
  325 0000019C         ;=================
  326 0000019C         ; TLB lock down
  327 0000019C         ;=================
  328 0000019C         ;void MMU_SetDTLBLockdown(U32 baseVictim)
  329 0000019C                 EXPORT           MMU_SetDTLBLockdown
  330 0000019C         MMU_SetDTLBLockdown
  331 0000019C         ;r0= baseVictim
  332 0000019C EE0A0F10        mcr              p15,0,r0,c10,c0,0
  333 000001A0                 MOV_PC_LR
   23 000001A0                 [                THUMBCODE
   26 000001A0         ;mov pc,lr
   27 000001A0 E12FFF1E        bx               lr
   28 000001A4                 ]
  334 000001A4         
  335 000001A4         ;void MMU_SetITLBLockdown(U32 baseVictim)
  336 000001A4                 EXPORT           MMU_SetITLBLockdown
  337 000001A4         MMU_SetITLBLockdown
  338 000001A4         ;r0= baseVictim
  339 000001A4 EE0A0F30        mcr              p15,0,r0,c10,c0,1
  340 000001A8                 MOV_PC_LR
   23 000001A8                 [                THUMBCODE
   26 000001A8         ;mov pc,lr
   27 000001A8 E12FFF1E        bx               lr
   28 000001AC                 ]
  341 000001AC         
  342 000001AC         ;============
  343 000001AC         ; Process ID
  344 000001AC         ;============
  345 000001AC         ;void MMU_SetProcessId(U32 pid)
  346 000001AC                 EXPORT           MMU_SetProcessId
  347 000001AC         MMU_SetProcessId
  348 000001AC         ;r0= pid
  349 000001AC EE0D0F10        mcr              p15,0,r0,c13,c0,0
  350 000001B0                 MOV_PC_LR
   23 000001B0                 [                THUMBCODE
   26 000001B0         ;mov pc,lr
   27 000001B0 E12FFF1E        bx               lr
   28 000001B4                 ]
  351 000001B4         
  352 000001B4                 END
Command Line: --debug --xref --cpu=ARM926EJ-S --depend=.\output\2440slib.d -o.\
output\2440slib.o -IE:\ARM\RV31\INC -IE:\ARM\CMSIS\Include --list=.\listing\244
0slib.lst 2440slib.s



ARM Macro Assembler    Page 1 Alphabetic symbol ordering
Relocatable symbols

C$$code 00000000

Symbol: C$$code
   Definitions
      At line 31 in file 2440slib.s
   Uses
      None
Comment: C$$code unused
CLR_IF 0000003C

Symbol: CLR_IF
   Definitions
      At line 69 in file 2440slib.s
   Uses
      At line 68 in file 2440slib.s
Comment: CLR_IF used once
EnterCritical 00000000

Symbol: EnterCritical
   Definitions
      At line 33 in file 2440slib.s
   Uses
      At line 32 in file 2440slib.s
Comment: EnterCritical used once
ExitCritical 00000014

Symbol: ExitCritical
   Definitions
      At line 41 in file 2440slib.s
   Uses
      At line 40 in file 2440slib.s
Comment: ExitCritical used once
MMU_CleanDCacheIndex 0000014C

Symbol: MMU_CleanDCacheIndex
   Definitions
      At line 255 in file 2440slib.s
   Uses
      At line 254 in file 2440slib.s
Comment: MMU_CleanDCacheIndex used once
MMU_CleanDCacheMVA 0000013C

Symbol: MMU_CleanDCacheMVA
   Definitions
      At line 241 in file 2440slib.s
   Uses
      At line 240 in file 2440slib.s
Comment: MMU_CleanDCacheMVA used once
MMU_CleanInvalidateDCacheIndex 00000154

Symbol: MMU_CleanInvalidateDCacheIndex
   Definitions
      At line 262 in file 2440slib.s
   Uses
      At line 261 in file 2440slib.s
Comment: MMU_CleanInvalidateDCacheIndex used once
MMU_CleanInvalidateDCacheMVA 00000144

Symbol: MMU_CleanInvalidateDCacheMVA



ARM Macro Assembler    Page 2 Alphabetic symbol ordering
Relocatable symbols

   Definitions
      At line 248 in file 2440slib.s
   Uses
      At line 247 in file 2440slib.s
Comment: MMU_CleanInvalidateDCacheMVA used once
MMU_DisableAlignFault 000000AC

Symbol: MMU_DisableAlignFault
   Definitions
      At line 137 in file 2440slib.s
   Uses
      At line 136 in file 2440slib.s
Comment: MMU_DisableAlignFault used once
MMU_DisableDCache 0000008C

Symbol: MMU_DisableDCache
   Definitions
      At line 121 in file 2440slib.s
   Uses
      At line 120 in file 2440slib.s
Comment: MMU_DisableDCache used once
MMU_DisableICache 0000006C

Symbol: MMU_DisableICache
   Definitions
      At line 105 in file 2440slib.s
   Uses
      At line 104 in file 2440slib.s
Comment: MMU_DisableICache used once
MMU_DisableMMU 000000CC

Symbol: MMU_DisableMMU
   Definitions
      At line 153 in file 2440slib.s
   Uses
      At line 152 in file 2440slib.s
Comment: MMU_DisableMMU used once
MMU_EnableAlignFault 0000009C

Symbol: MMU_EnableAlignFault
   Definitions
      At line 129 in file 2440slib.s
   Uses
      At line 128 in file 2440slib.s
Comment: MMU_EnableAlignFault used once
MMU_EnableDCache 0000007C

Symbol: MMU_EnableDCache
   Definitions
      At line 113 in file 2440slib.s
   Uses
      At line 112 in file 2440slib.s
Comment: MMU_EnableDCache used once
MMU_EnableICache 0000005C

Symbol: MMU_EnableICache
   Definitions
      At line 97 in file 2440slib.s
   Uses



ARM Macro Assembler    Page 3 Alphabetic symbol ordering
Relocatable symbols

      At line 96 in file 2440slib.s
Comment: MMU_EnableICache used once
MMU_EnableMMU 000000BC

Symbol: MMU_EnableMMU
   Definitions
      At line 145 in file 2440slib.s
   Uses
      At line 144 in file 2440slib.s
Comment: MMU_EnableMMU used once
MMU_InvalidateDCache 0000012C

Symbol: MMU_InvalidateDCache
   Definitions
      At line 228 in file 2440slib.s
   Uses
      At line 227 in file 2440slib.s
Comment: MMU_InvalidateDCache used once
MMU_InvalidateDCacheMVA 00000134

Symbol: MMU_InvalidateDCacheMVA
   Definitions
      At line 234 in file 2440slib.s
   Uses
      At line 233 in file 2440slib.s
Comment: MMU_InvalidateDCacheMVA used once
MMU_InvalidateDTLB 0000017C

Symbol: MMU_InvalidateDTLB
   Definitions
      At line 297 in file 2440slib.s
   Uses
      At line 296 in file 2440slib.s
Comment: MMU_InvalidateDTLB used once
MMU_InvalidateDTLBMVA 00000184

Symbol: MMU_InvalidateDTLBMVA
   Definitions
      At line 303 in file 2440slib.s
   Uses
      At line 302 in file 2440slib.s
Comment: MMU_InvalidateDTLBMVA used once
MMU_InvalidateICache 00000114

Symbol: MMU_InvalidateICache
   Definitions
      At line 208 in file 2440slib.s
   Uses
      At line 207 in file 2440slib.s
Comment: MMU_InvalidateICache used once
MMU_InvalidateICacheMVA 0000011C

Symbol: MMU_InvalidateICacheMVA
   Definitions
      At line 214 in file 2440slib.s
   Uses
      At line 213 in file 2440slib.s
Comment: MMU_InvalidateICacheMVA used once
MMU_InvalidateIDCache 0000010C



ARM Macro Assembler    Page 4 Alphabetic symbol ordering
Relocatable symbols


Symbol: MMU_InvalidateIDCache
   Definitions
      At line 202 in file 2440slib.s
   Uses
      At line 201 in file 2440slib.s
Comment: MMU_InvalidateIDCache used once
MMU_InvalidateITLB 0000016C

Symbol: MMU_InvalidateITLB
   Definitions
      At line 284 in file 2440slib.s
   Uses
      At line 283 in file 2440slib.s
Comment: MMU_InvalidateITLB used once
MMU_InvalidateITLBMVA 00000174

Symbol: MMU_InvalidateITLBMVA
   Definitions
      At line 290 in file 2440slib.s
   Uses
      At line 289 in file 2440slib.s
Comment: MMU_InvalidateITLBMVA used once
MMU_InvalidateTLB 00000164

Symbol: MMU_InvalidateTLB
   Definitions
      At line 278 in file 2440slib.s
   Uses
      At line 277 in file 2440slib.s
Comment: MMU_InvalidateTLB used once
MMU_PrefetchICacheMVA 00000124

Symbol: MMU_PrefetchICacheMVA
   Definitions
      At line 221 in file 2440slib.s
   Uses
      At line 220 in file 2440slib.s
Comment: MMU_PrefetchICacheMVA used once
MMU_SetAsyncBusMode 000000EC

Symbol: MMU_SetAsyncBusMode
   Definitions
      At line 171 in file 2440slib.s
   Uses
      At line 170 in file 2440slib.s
Comment: MMU_SetAsyncBusMode used once
MMU_SetDCacheLockdownBase 0000018C

Symbol: MMU_SetDCacheLockdownBase
   Definitions
      At line 313 in file 2440slib.s
   Uses
      At line 312 in file 2440slib.s
Comment: MMU_SetDCacheLockdownBase used once
MMU_SetDTLBLockdown 0000019C

Symbol: MMU_SetDTLBLockdown
   Definitions



ARM Macro Assembler    Page 5 Alphabetic symbol ordering
Relocatable symbols

      At line 330 in file 2440slib.s
   Uses
      At line 329 in file 2440slib.s
Comment: MMU_SetDTLBLockdown used once
MMU_SetDomain 00000104

Symbol: MMU_SetDomain
   Definitions
      At line 192 in file 2440slib.s
   Uses
      At line 191 in file 2440slib.s
Comment: MMU_SetDomain used once
MMU_SetFastBusMode 000000DC

Symbol: MMU_SetFastBusMode
   Definitions
      At line 162 in file 2440slib.s
   Uses
      At line 161 in file 2440slib.s
Comment: MMU_SetFastBusMode used once
MMU_SetICacheLockdownBase 00000194

Symbol: MMU_SetICacheLockdownBase
   Definitions
      At line 320 in file 2440slib.s
   Uses
      At line 319 in file 2440slib.s
Comment: MMU_SetICacheLockdownBase used once
MMU_SetITLBLockdown 000001A4

Symbol: MMU_SetITLBLockdown
   Definitions
      At line 337 in file 2440slib.s
   Uses
      At line 336 in file 2440slib.s
Comment: MMU_SetITLBLockdown used once
MMU_SetProcessId 000001AC

Symbol: MMU_SetProcessId
   Definitions
      At line 347 in file 2440slib.s
   Uses
      At line 346 in file 2440slib.s
Comment: MMU_SetProcessId used once
MMU_SetTTBase 000000FC

Symbol: MMU_SetTTBase
   Definitions
      At line 182 in file 2440slib.s
   Uses
      At line 181 in file 2440slib.s
Comment: MMU_SetTTBase used once
MMU_WaitForInterrupt 0000015C

Symbol: MMU_WaitForInterrupt
   Definitions
      At line 269 in file 2440slib.s
   Uses
      At line 268 in file 2440slib.s



ARM Macro Assembler    Page 6 Alphabetic symbol ordering
Relocatable symbols

Comment: MMU_WaitForInterrupt used once
SET_IF 00000020

Symbol: SET_IF
   Definitions
      At line 51 in file 2440slib.s
   Uses
      At line 50 in file 2440slib.s
Comment: SET_IF used once
WR_IF 00000034

Symbol: WR_IF
   Definitions
      At line 61 in file 2440slib.s
   Uses
      At line 60 in file 2440slib.s
Comment: WR_IF used once
inportw 00000054

Symbol: inportw
   Definitions
      At line 81 in file 2440slib.s
   Uses
      At line 80 in file 2440slib.s
Comment: inportw used once
outportw 0000004C

Symbol: outportw
   Definitions
      At line 77 in file 2440slib.s
   Uses
      At line 76 in file 2440slib.s
Comment: outportw used once
41 symbols



ARM Macro Assembler    Page 1 Alphabetic symbol ordering
Absolute symbols

NOINT 000000C0

Symbol: NOINT
   Definitions
      At line 10 in file 2440slib.s
   Uses
      At line 36 in file 2440slib.s
      At line 55 in file 2440slib.s
      At line 72 in file 2440slib.s

R1_A 00000002

Symbol: R1_A
   Definitions
      At line 90 in file 2440slib.s
   Uses
      At line 131 in file 2440slib.s
      At line 139 in file 2440slib.s

R1_C 00000004

Symbol: R1_C
   Definitions
      At line 89 in file 2440slib.s
   Uses
      At line 115 in file 2440slib.s
      At line 123 in file 2440slib.s

R1_I 00001000

Symbol: R1_I
   Definitions
      At line 88 in file 2440slib.s
   Uses
      At line 99 in file 2440slib.s
      At line 107 in file 2440slib.s

R1_M 00000001

Symbol: R1_M
   Definitions
      At line 91 in file 2440slib.s
   Uses
      At line 147 in file 2440slib.s
      At line 155 in file 2440slib.s

R1_iA 80000000

Symbol: R1_iA
   Definitions
      At line 92 in file 2440slib.s
   Uses
      At line 164 in file 2440slib.s
      At line 173 in file 2440slib.s

R1_nF 40000000

Symbol: R1_nF
   Definitions



ARM Macro Assembler    Page 2 Alphabetic symbol ordering
Absolute symbols

      At line 93 in file 2440slib.s
   Uses
      At line 164 in file 2440slib.s
      At line 173 in file 2440slib.s

7 symbols
379 symbols in table
